{"C:\\Users\\marti\\OneDrive\\Escritorio\\ml-test-vite\\src\\components\\atoms\\FreeShipping\\FreeShipping.tsx": {"path":"C:\\Users\\marti\\OneDrive\\Escritorio\\ml-test-vite\\src\\components\\atoms\\FreeShipping\\FreeShipping.tsx","statementMap":{"0":{"start":{"line":7,"column":0},"end":{"line":7,"column":24}},"1":{"start":{"line":1,"column":0},"end":{"line":1,"column":60}},"2":{"start":{"line":8,"column":2},"end":{"line":10,"column":4}}},"fnMap":{"0":{"name":"FreeShipping","decl":{"start":{"line":7,"column":24},"end":{"line":7,"column":36}},"loc":{"start":{"line":7,"column":61},"end":{"line":11,"column":1}}}},"branchMap":{},"s":{"0":2,"1":2,"2":11},"f":{"0":11},"b":{}}
,"C:\\Users\\marti\\OneDrive\\Escritorio\\ml-test-vite\\src\\components\\molecules\\Item\\Item.tsx": {"path":"C:\\Users\\marti\\OneDrive\\Escritorio\\ml-test-vite\\src\\components\\molecules\\Item\\Item.tsx","statementMap":{"0":{"start":{"line":5,"column":0},"end":{"line":5,"column":24}},"1":{"start":{"line":1,"column":0},"end":{"line":1,"column":65}},"2":{"start":{"line":2,"column":0},"end":{"line":2,"column":53}},"3":{"start":{"line":3,"column":0},"end":{"line":3,"column":47}},"4":{"start":{"line":13,"column":19},"end":{"line":13,"column":32}},"5":{"start":{"line":14,"column":25},"end":{"line":17,"column":3}},"6":{"start":{"line":15,"column":4},"end":{"line":15,"column":23}},"7":{"start":{"line":16,"column":4},"end":{"line":16,"column":29}},"8":{"start":{"line":19,"column":2},"end":{"line":35,"column":4}}},"fnMap":{"0":{"name":"Item","decl":{"start":{"line":5,"column":24},"end":{"line":5,"column":28}},"loc":{"start":{"line":12,"column":7},"end":{"line":36,"column":1}}},"1":{"name":"(anonymous_1)","decl":{"start":{"line":14,"column":25},"end":{"line":14,"column":26}},"loc":{"start":{"line":14,"column":36},"end":{"line":17,"column":3}}}},"branchMap":{"0":{"loc":{"start":{"line":26,"column":13},"end":{"line":27,"column":null}},"type":"binary-expr","locations":[{"start":{"line":26,"column":13},"end":{"line":26,"column":26}},{"start":{"line":27,"column":14},"end":{"line":27,"column":79}}]}},"s":{"0":2,"1":2,"2":2,"3":2,"4":15,"5":15,"6":1,"7":1,"8":15},"f":{"0":15,"1":1},"b":{"0":[15,11]}}
,"C:\\Users\\marti\\OneDrive\\Escritorio\\ml-test-vite\\src\\components\\organisms\\ListItems\\ListItems.tsx": {"path":"C:\\Users\\marti\\OneDrive\\Escritorio\\ml-test-vite\\src\\components\\organisms\\ListItems\\ListItems.tsx","statementMap":{"0":{"start":{"line":7,"column":0},"end":{"line":7,"column":24}},"1":{"start":{"line":1,"column":0},"end":{"line":1,"column":45}},"2":{"start":{"line":8,"column":2},"end":{"line":23,"column":4}},"3":{"start":{"line":13,"column":10},"end":{"line":19,"column":null}}},"fnMap":{"0":{"name":"ListItems","decl":{"start":{"line":7,"column":24},"end":{"line":7,"column":33}},"loc":{"start":{"line":7,"column":58},"end":{"line":24,"column":1}}},"1":{"name":"(anonymous_1)","decl":{"start":{"line":12,"column":17},"end":{"line":12,"column":18}},"loc":{"start":{"line":13,"column":10},"end":{"line":19,"column":null}}}},"branchMap":{"0":{"loc":{"start":{"line":10,"column":7},"end":{"line":21,"column":10}},"type":"binary-expr","locations":[{"start":{"line":10,"column":7},"end":{"line":10,"column":11}},{"start":{"line":11,"column":8},"end":{"line":11,"column":23}},{"start":{"line":12,"column":8},"end":{"line":21,"column":10}}]}},"s":{"0":1,"1":1,"2":3,"3":12},"f":{"0":3,"1":12},"b":{"0":[3,3,3]}}
,"C:\\Users\\marti\\OneDrive\\Escritorio\\ml-test-vite\\src\\utils\\formatPrice.ts": {"path":"C:\\Users\\marti\\OneDrive\\Escritorio\\ml-test-vite\\src\\utils\\formatPrice.ts","statementMap":{"0":{"start":{"line":1,"column":0},"end":{"line":1,"column":24}},"1":{"start":{"line":2,"column":2},"end":{"line":5,"column":5}}},"fnMap":{"0":{"name":"formatPrice","decl":{"start":{"line":1,"column":24},"end":{"line":1,"column":35}},"loc":{"start":{"line":1,"column":49},"end":{"line":6,"column":1}}}},"branchMap":{},"s":{"0":3,"1":24},"f":{"0":24},"b":{}}
}
