TN:
SF:src\components\atoms\FreeShipping\FreeShipping.tsx
FN:7,FreeShipping
FNF:1
FNH:1
FNDA:11,FreeShipping
DA:1,2
DA:7,2
DA:8,11
LF:3
LH:3
BRF:0
BRH:0
end_of_record
TN:
SF:src\components\molecules\Item\Item.tsx
FN:5,Item
FN:14,(anonymous_1)
FNF:2
FNH:2
FNDA:15,Item
FNDA:1,(anonymous_1)
DA:1,2
DA:2,2
DA:3,2
DA:5,2
DA:13,15
DA:14,15
DA:15,1
DA:16,1
DA:19,15
LF:9
LH:9
BRDA:26,0,0,15
BRDA:26,0,1,11
BRF:2
BRH:2
end_of_record
TN:
SF:src\components\organisms\ListItems\ListItems.tsx
FN:7,ListItems
FN:12,(anonymous_1)
FNF:2
FNH:2
FNDA:3,ListItems
FNDA:12,(anonymous_1)
DA:1,1
DA:7,1
DA:8,3
DA:13,12
LF:4
LH:4
BRDA:10,0,0,3
BRDA:10,0,1,3
BRDA:10,0,2,3
BRF:3
BRH:3
end_of_record
TN:
SF:src\utils\formatPrice.ts
FN:1,formatPrice
FNF:1
FNH:1
FNDA:24,formatPrice
DA:1,3
DA:2,24
LF:2
LH:2
BRF:0
BRH:0
end_of_record
